<?xml version="1.0" encoding="UTF-8"?>
<!-- Generated by org.testng.reporters.JUnitReportReporter -->
<testsuite hostname="DESKTOP-653N01I" failures="0" tests="3" name="tests.LoginTest" time="15.401" errors="0" timestamp="2021-09-29T15:32:07 IST" skipped="0">
  <testcase classname="tests.LoginTest" name="loginWithValidCredentials" time="5.275"/>
  <system-out/>
  <testcase classname="tests.LoginTest" name="loginWithInvalidEmailAndValidPassword" time="5.192"/>
  <system-out/>
  <testcase classname="tests.LoginTest" name="loginWithValidEmailAndInvalidPassword" time="4.934"/>
  <system-out/>
</testsuite> <!-- tests.LoginTest -->
