<?xml version="1.0" encoding="UTF-8"?>
<!-- Generated by org.testng.reporters.JUnitReportReporter -->
<testsuite hostname="DESKTOP-653N01I" failures="0" tests="2" name="tests.RegisterTest" time="20.162" errors="0" timestamp="2021-09-29T15:32:07 IST" skipped="0">
  <testcase classname="tests.RegisterTest" name="registerWithAllDetails" time="12.825"/>
  <system-out/>
  <testcase classname="tests.RegisterTest" name="registerWithOnlyMandatoryFields" time="7.337"/>
  <system-out/>
</testsuite> <!-- tests.RegisterTest -->
