<?xml version="1.0" encoding="UTF-8"?>
<!-- Generated by org.testng.reporters.JUnitReportReporter -->
<testsuite hostname="DESKTOP-653N01I" failures="0" tests="3" name="tests.LoginTest" time="28.107" errors="0" timestamp="2021-09-29T15:50:36 IST" skipped="0">
  <testcase classname="tests.LoginTest" name="loginWithValidCredentials" time="6.345"/>
  <system-out/>
  <testcase classname="tests.LoginTest" name="loginWithInvalidEmailAndValidPassword" time="16.422"/>
  <system-out/>
  <testcase classname="tests.LoginTest" name="loginWithValidEmailAndInvalidPassword" time="5.340"/>
  <system-out/>
</testsuite> <!-- tests.LoginTest -->
