<?xml version="1.0" encoding="UTF-8"?>
<!-- Generated by org.testng.reporters.JUnitReportReporter -->
<testsuite hostname="DESKTOP-653N01I" failures="0" tests="2" name="tests.RegisterTest" time="16.230" errors="0" timestamp="2021-09-29T15:50:36 IST" skipped="0">
  <testcase classname="tests.RegisterTest" name="registerWithAllDetails" time="8.950"/>
  <system-out/>
  <testcase classname="tests.RegisterTest" name="registerWithOnlyMandatoryFields" time="7.280"/>
  <system-out/>
</testsuite> <!-- tests.RegisterTest -->
